<?xml version="1.0" encoding="UTF-8"?>
<testsuite name="exercise.AppTest" tests="3" skipped="0" failures="0" errors="0" timestamp="2024-11-04T15:51:36" hostname="artur-Aspire-A515-57" time="0.276">
  <properties/>
  <testcase name="testUsersWithDefaultParams()" classname="exercise.AppTest" time="0.264"/>
  <testcase name="testUsers1()" classname="exercise.AppTest" time="0.005"/>
  <testcase name="testUsers2()" classname="exercise.AppTest" time="0.005"/>
  <system-out><![CDATA[]]></system-out>
  <system-err><![CDATA[[Test worker] INFO io.javalin.Javalin - JAVALIN HANDLER REGISTRATION DEBUG LOG: GET[/users]
[Test worker] INFO io.javalin.Javalin - Starting Javalin ...
[Test worker] INFO org.eclipse.jetty.server.Server - jetty-11.0.20; built: 2024-01-29T21:04:22.394Z; git: 922f8dc188f7011e60d0361de585fd4ac4d63064; jvm 20.0.1+9-29
[Test worker] INFO org.eclipse.jetty.server.session.DefaultSessionIdManager - Session workerName=node0
[Test worker] INFO org.eclipse.jetty.server.handler.ContextHandler - Started o.e.j.s.ServletContextHandler@5f36c8e3{/,null,AVAILABLE}
[Test worker] INFO org.eclipse.jetty.server.AbstractConnector - Started ServerConnector@44a085e5{HTTP/1.1, (http/1.1)}{0.0.0.0:45079}
[Test worker] INFO org.eclipse.jetty.server.Server - Started Server@67531e3a{STARTING}[11.0.20,sto=0] @519ms
[Test worker] INFO io.javalin.Javalin - 
       __                  ___           _____
      / /___ __   ______ _/ (_)___      / ___/
 __  / / __ `/ | / / __ `/ / / __ \    / __ \
/ /_/ / /_/ /| |/ / /_/ / / / / / /   / /_/ /
\____/\__,_/ |___/\__,_/_/_/_/ /_/    \____/

       https://javalin.io/documentation

[Test worker] INFO io.javalin.Javalin - Javalin started in 86ms \o/
[Test worker] INFO io.javalin.Javalin - Listening on http://localhost:45079/
[Test worker] INFO io.javalin.Javalin - You are running Javalin 6.1.3 (released March 2, 2024. Your Javalin version is 246 days old. Consider checking for a newer version.).
[JettyServerThreadPool-48] INFO io.javalin.Javalin - JAVALIN REQUEST DEBUG LOG:
Request: GET [/users]
    Matching endpoint-handlers: java.util.stream.ReferencePipeline$3@6c533d9f
    Headers: {User-Agent=unirest-java/3.1.00, Connection=keep-alive, Host=localhost:45079, Accept-Encoding=gzip}
    Cookies: {}
    Body: 
    QueryString: null
    QueryParams: {}
    FormParams: {}
Response: [200 OK], execution took 15.48 ms
    Headers: {Date=Mon, 04 Nov 2024 15:51:36 GMT, Content-Type=application/json}
    Body is 267 bytes (starts on next line):
    [{"firstName":"Bobbi","lastName":"Wehner","id":"6"},{"firstName":"Robbi","lastName":"Wintheiser","id":"23"},{"firstName":"Joey","lastName":"Braun","id":"25"},{"firstName":"Leticia","lastName":"Wehner","id":"1"},{"firstName":"Nathanael","lastName":"Kirlin","id":"14"}]
----------------------------------------------------------------------------------
[JettyServerThreadPool-33] INFO io.javalin.Javalin - JAVALIN REQUEST DEBUG LOG:
Request: GET [/users]
    Matching endpoint-handlers: java.util.stream.ReferencePipeline$3@4c6ac9b8
    Headers: {User-Agent=unirest-java/3.1.00, Connection=keep-alive, Host=localhost:45079, Accept-Encoding=gzip}
    Cookies: {}
    Body: 
    QueryString: page=3&per=1
    QueryParams: {page=[3], per=[1]}
    FormParams: {}
Response: [200 OK], execution took 0.91 ms
    Headers: {Date=Mon, 04 Nov 2024 15:51:36 GMT, Content-Type=application/json}
    Body is 51 bytes (starts on next line):
    [{"firstName":"Joey","lastName":"Braun","id":"25"}]
----------------------------------------------------------------------------------
[JettyServerThreadPool-39] INFO io.javalin.Javalin - JAVALIN REQUEST DEBUG LOG:
Request: GET [/users]
    Matching endpoint-handlers: java.util.stream.ReferencePipeline$3@3d1dccc8
    Headers: {User-Agent=unirest-java/3.1.00, Connection=keep-alive, Host=localhost:45079, Accept-Encoding=gzip}
    Cookies: {}
    Body: 
    QueryString: page=5&per=3
    QueryParams: {page=[5], per=[3]}
    FormParams: {}
Response: [200 OK], execution took 0.68 ms
    Headers: {Date=Mon, 04 Nov 2024 15:51:36 GMT, Content-Type=application/json}
    Body is 155 bytes (starts on next line):
    [{"firstName":"Marlon","lastName":"Kozey","id":"16"},{"firstName":"Cleo","lastName":"Cole","id":"11"},{"firstName":"Solomon","lastName":"Bayer","id":"10"}]
----------------------------------------------------------------------------------
[Test worker] INFO io.javalin.Javalin - Stopping Javalin ...
[Test worker] INFO org.eclipse.jetty.server.Server - Stopped Server@67531e3a{STOPPING}[11.0.20,sto=0]
[Test worker] INFO org.eclipse.jetty.server.AbstractConnector - Stopped ServerConnector@44a085e5{HTTP/1.1, (http/1.1)}{0.0.0.0:0}
[Test worker] INFO org.eclipse.jetty.server.handler.ContextHandler - Stopped o.e.j.s.ServletContextHandler@5f36c8e3{/,null,STOPPED}
[Test worker] INFO io.javalin.Javalin - Javalin has stopped
]]></system-err>
</testsuite>
