<?xml version="1.0" encoding="UTF-8"?>
<testsuite name="exercise.AppTest" tests="1" skipped="0" failures="0" errors="0" timestamp="2024-11-04T14:11:11" hostname="artur-Aspire-A515-57" time="0.206">
  <properties/>
  <testcase name="testRoot()" classname="exercise.AppTest" time="0.206"/>
  <system-out><![CDATA[]]></system-out>
  <system-err><![CDATA[[Test worker] INFO io.javalin.Javalin - JAVALIN HANDLER REGISTRATION DEBUG LOG: GET[/welcome]
[Test worker] INFO io.javalin.Javalin - Starting Javalin ...
[Test worker] INFO org.eclipse.jetty.server.Server - jetty-11.0.23; built: 2024-08-14T01:40:17.906Z; git: 6fcf5ccaebd7ca13a0cb96c96adca699a24080a0; jvm 20.0.1+9-29
[Test worker] INFO org.eclipse.jetty.server.session.DefaultSessionIdManager - Session workerName=node0
[Test worker] INFO org.eclipse.jetty.server.handler.ContextHandler - Started o.e.j.s.ServletContextHandler@201b6b6f{/,null,AVAILABLE}
[Test worker] INFO org.eclipse.jetty.server.AbstractConnector - Started ServerConnector@1d3ac898{HTTP/1.1, (http/1.1)}{0.0.0.0:43691}
[Test worker] INFO org.eclipse.jetty.server.Server - Started Server@7ca33c24{STARTING}[11.0.23,sto=0] @492ms
[Test worker] INFO io.javalin.Javalin - 
       __                  ___           _____
      / /___ __   ______ _/ (_)___      / ___/
 __  / / __ `/ | / / __ `/ / / __ \    / __ \
/ /_/ / /_/ /| |/ / /_/ / / / / / /   / /_/ /
\____/\__,_/ |___/\__,_/_/_/_/ /_/    \____/

       https://javalin.io/documentation

[Test worker] INFO io.javalin.Javalin - Javalin started in 86ms \o/
[Test worker] INFO io.javalin.Javalin - Listening on http://localhost:43691/
[Test worker] INFO io.javalin.Javalin - You are running Javalin 6.3.0 (released August 22, 2024).
[JettyServerThreadPool-44] INFO io.javalin.Javalin - JAVALIN REQUEST DEBUG LOG:
Request: GET [/welcome]
    Matching endpoint-handlers: java.util.stream.ReferencePipeline$3@50308853
    Headers: {User-Agent=unirest-java/3.1.00, Connection=keep-alive, Host=localhost:43691, Accept-Encoding=gzip}
    Cookies: {}
    Body: 
    QueryString: null
    QueryParams: {}
    FormParams: {}
Response: [200 OK], execution took 13.30 ms
    Headers: {Date=Mon, 04 Nov 2024 14:11:11 GMT, Content-Type=text/plain}
    Body is 18 bytes (starts on next line):
    Welcome to Hexlet!
----------------------------------------------------------------------------------
[Test worker] INFO io.javalin.Javalin - Stopping Javalin ...
[Test worker] INFO org.eclipse.jetty.server.Server - Stopped Server@7ca33c24{STOPPING}[11.0.23,sto=0]
[Test worker] INFO org.eclipse.jetty.server.AbstractConnector - Stopped ServerConnector@1d3ac898{HTTP/1.1, (http/1.1)}{0.0.0.0:0}
[Test worker] INFO org.eclipse.jetty.server.handler.ContextHandler - Stopped o.e.j.s.ServletContextHandler@201b6b6f{/,null,STOPPED}
[Test worker] INFO io.javalin.Javalin - Javalin has stopped
]]></system-err>
</testsuite>
