<?xml version="1.0" encoding="UTF-8"?>
<testsuite name="exercise.AppTest" tests="4" skipped="0" failures="0" errors="0" timestamp="2024-12-03T11:07:10" hostname="artur-Aspire-A515-57" time="0.623">
  <properties/>
  <testcase name="testListUsers()" classname="exercise.AppTest" time="0.509"/>
  <testcase name="testListUsers1()" classname="exercise.AppTest" time="0.007"/>
  <testcase name="testListUsers2()" classname="exercise.AppTest" time="0.009"/>
  <testcase name="testRootPage()" classname="exercise.AppTest" time="0.094"/>
  <system-out><![CDATA[]]></system-out>
  <system-err><![CDATA[[Test worker] INFO io.javalin.Javalin - JAVALIN HANDLER REGISTRATION DEBUG LOG: GET[/users]
[Test worker] INFO io.javalin.Javalin - JAVALIN HANDLER REGISTRATION DEBUG LOG: GET[/]
[Test worker] INFO io.javalin.Javalin - Starting Javalin ...
[Test worker] INFO org.eclipse.jetty.server.Server - jetty-11.0.20; built: 2024-01-29T21:04:22.394Z; git: 922f8dc188f7011e60d0361de585fd4ac4d63064; jvm 20.0.1+9-29
[Test worker] INFO org.eclipse.jetty.server.session.DefaultSessionIdManager - Session workerName=node0
[Test worker] INFO org.eclipse.jetty.server.handler.ContextHandler - Started o.e.j.s.ServletContextHandler@5ba03c82{/,null,AVAILABLE}
[Test worker] INFO org.eclipse.jetty.server.AbstractConnector - Started ServerConnector@74f827ad{HTTP/1.1, (http/1.1)}{0.0.0.0:33861}
[Test worker] INFO org.eclipse.jetty.server.Server - Started Server@4d0e54e0{STARTING}[11.0.20,sto=0] @580ms
[Test worker] INFO io.javalin.Javalin - 
       __                  ___           _____
      / /___ __   ______ _/ (_)___      / ___/
 __  / / __ `/ | / / __ `/ / / __ \    / __ \
/ /_/ / /_/ /| |/ / /_/ / / / / / /   / /_/ /
\____/\__,_/ |___/\__,_/_/_/_/ /_/    \____/

       https://javalin.io/documentation

[Test worker] INFO io.javalin.Javalin - Javalin started in 90ms \o/
[Test worker] INFO io.javalin.Javalin - Listening on http://localhost:33861/
[Test worker] INFO io.javalin.Javalin - You are running Javalin 6.1.3 (released March 2, 2024. Your Javalin version is 275 days old. Consider checking for a newer version.).
[JettyServerThreadPool-48] INFO io.javalin.Javalin - JAVALIN REQUEST DEBUG LOG:
Request: GET [/users]
    Matching endpoint-handlers: java.util.stream.ReferencePipeline$3@2cc61985
    Headers: {User-Agent=unirest-java/3.1.00, Connection=keep-alive, Host=localhost:33861, Accept-Encoding=gzip}
    Cookies: {}
    Body: 
    QueryString: null
    QueryParams: {}
    FormParams: {}
Response: [200 OK], execution took 331.69 ms
    Headers: {Content-Encoding=gzip, Date=Tue, 03 Dec 2024 11:07:10 GMT, Content-Type=text/html}
    Body is gzipped (9767 bytes, not logged)
----------------------------------------------------------------------------------
[JettyServerThreadPool-33] INFO io.javalin.Javalin - JAVALIN REQUEST DEBUG LOG:
Request: GET [/users]
    Matching endpoint-handlers: java.util.stream.ReferencePipeline$3@26370e63
    Headers: {User-Agent=unirest-java/3.1.00, Connection=keep-alive, Host=localhost:33861, Accept-Encoding=gzip}
    Cookies: {}
    Body: 
    QueryString: term=s
    QueryParams: {term=[s]}
    FormParams: {}
Response: [200 OK], execution took 2.63 ms
    Headers: {Content-Encoding=gzip, Date=Tue, 03 Dec 2024 11:07:11 GMT, Content-Type=text/html}
    Body is gzipped (1726 bytes, not logged)
----------------------------------------------------------------------------------
[JettyServerThreadPool-39] INFO io.javalin.Javalin - JAVALIN REQUEST DEBUG LOG:
Request: GET [/users]
    Matching endpoint-handlers: java.util.stream.ReferencePipeline$3@4b67cec1
    Headers: {User-Agent=unirest-java/3.1.00, Connection=keep-alive, Host=localhost:33861, Accept-Encoding=gzip}
    Cookies: {}
    Body: 
    QueryString: term=WI
    QueryParams: {term=[WI]}
    FormParams: {}
Response: [200 OK], execution took 0.76 ms
    Headers: {Date=Tue, 03 Dec 2024 11:07:11 GMT, Content-Type=text/html}
    Body is 1423 bytes (starts on next line):
    

<html lang="en">
  <head>
    <meta charset="utf-8" />
    <meta name="viewport" content="width=device-width, initial-scale=1" />
    <link href="https://cdn.jsdelivr.net/npm/bootstrap@5.1.0/dist/css/bootstrap.min.css"
            rel="stylesheet"
            integrity="sha384-KyZXEAg3QhqLMpG8r+8fhAXLRk2vvoC2f3B09zVXn8CA5QIVfZOJ3BCsw2P0p/We"
            crossorigin="anonymous">
    <title>Hello Hexlet!</title>
    </head>
    <body>
        <div class="mx-auto p-4 py-md-5">
        <main>
          
        <h1>Пользователи</h1>
        <form action="/users" method="get">
        <input type="search" name="term" value="WI" />
        <input type="submit" value="Search" />
        </form>

        <table class="table table-striped">
            
                <tr>
                    <td>
                        23
                    </td>
                    <td>
                        Will
                    </td>
                    <td>
                        Casper
                    </td>
                </tr>
            
                <tr>
                    <td>
                        27
                    </td>
                    <td>
                        Willis
                    </td>
                    <td>
                        Jast
                    </td>
                </tr>
            
        </table>
    
        </main>
        </div>
    </body>
</html>


----------------------------------------------------------------------------------
[JettyServerThreadPool-48] INFO io.javalin.Javalin - JAVALIN REQUEST DEBUG LOG:
Request: GET [/]
    Matching endpoint-handlers: java.util.stream.ReferencePipeline$3@7e3152b1
    Headers: {User-Agent=unirest-java/3.1.00, Connection=keep-alive, Host=localhost:33861, Accept-Encoding=gzip}
    Cookies: {}
    Body: 
    QueryString: null
    QueryParams: {}
    FormParams: {}
Response: [200 OK], execution took 91.48 ms
    Headers: {Date=Tue, 03 Dec 2024 11:07:11 GMT, Content-Type=text/html}
    Body is 605 bytes (starts on next line):
    
<html lang="en">
  <head>
    <meta charset="utf-8" />
    <meta name="viewport" content="width=device-width, initial-scale=1" />
    <link href="https://cdn.jsdelivr.net/npm/bootstrap@5.1.0/dist/css/bootstrap.min.css"
            rel="stylesheet"
            integrity="sha384-KyZXEAg3QhqLMpG8r+8fhAXLRk2vvoC2f3B09zVXn8CA5QIVfZOJ3BCsw2P0p/We"
            crossorigin="anonymous">
    <title>Hello Hexlet!</title>
    </head>
    <body>
        <div class="mx-auto p-4 py-md-5">
        <main>
          
        <a href="/users">Пользователи</a>
    
        </main>
        </div>
    </body>
</html>


----------------------------------------------------------------------------------
[Test worker] INFO io.javalin.Javalin - Stopping Javalin ...
[Test worker] INFO org.eclipse.jetty.server.Server - Stopped Server@4d0e54e0{STOPPING}[11.0.20,sto=0]
[Test worker] INFO org.eclipse.jetty.server.AbstractConnector - Stopped ServerConnector@74f827ad{HTTP/1.1, (http/1.1)}{0.0.0.0:0}
[Test worker] INFO org.eclipse.jetty.server.handler.ContextHandler - Stopped o.e.j.s.ServletContextHandler@5ba03c82{/,null,STOPPED}
[Test worker] INFO io.javalin.Javalin - Javalin has stopped
]]></system-err>
</testsuite>
